Arguments: 
  /Users/adam/.nvm/versions/node/v14.18.1/bin/node /Users/adam/.nvm/versions/node/v14.18.1/bin/yarn add -D esbuil

PATH: 
  /opt/homebrew/opt/ruby/bin:/Users/adam/.nvm/versions/node/v14.18.1/bin:/opt/homebrew/bin:/opt/homebrew/sbin:/usr/local/bin:/usr/bin:/bin:/usr/sbin:/sbin:/Library/Apple/usr/bin:/Users/adam/miniforge3/bin:/Users/adam/miniforge3/condabin:/opt/homebrew/opt/ruby/bin:/Users/adam/.nvm/versions/node/v14.18.1/bin:/opt/homebrew/bin:/opt/homebrew/sbin:/Users/adam/.cargo/bin

Yarn version: 
  1.22.17

Node version: 
  14.18.1

Platform: 
  darwin x64

Trace: 
  Error: https://registry.yarnpkg.com/esbuil: Not found
      at Request.params.callback [as _callback] (/Users/adam/.nvm/versions/node/v14.18.1/lib/node_modules/yarn/lib/cli.js:67029:18)
      at Request.self.callback (/Users/adam/.nvm/versions/node/v14.18.1/lib/node_modules/yarn/lib/cli.js:140883:22)
      at Request.emit (events.js:400:28)
      at Request.<anonymous> (/Users/adam/.nvm/versions/node/v14.18.1/lib/node_modules/yarn/lib/cli.js:141855:10)
      at Request.emit (events.js:400:28)
      at IncomingMessage.<anonymous> (/Users/adam/.nvm/versions/node/v14.18.1/lib/node_modules/yarn/lib/cli.js:141777:12)
      at Object.onceWrapper (events.js:519:28)
      at IncomingMessage.emit (events.js:412:35)
      at endReadableNT (internal/streams/readable.js:1334:12)
      at processTicksAndRejections (internal/process/task_queues.js:82:21)

npm manifest: 
  {
    "name": "@engramhq/meet",
    "version": "1.0.0",
    "main": "index.js",
    "license": "MIT"
  }

yarn manifest: 
  No manifest

Lockfile: 
  No lockfile
